<?xml version="1.0" encoding="UTF-8"?>
<!-- Generated by org.testng.reporters.JUnitReportReporter -->
<testsuite hostname="DESKTOP-6884T2E" failures="0" tests="2" name="com.sgtesting.actitime.testsuite.DriverScript" time="129.846" errors="0" timestamp="2024-01-12T18:43:32 IST" skipped="0">
  <testcase classname="com.sgtesting.actitime.testsuite.DriverScript" name="feature" time="102.612"/>
  <system-out/>
  <testcase classname="com.sgtesting.actitime.testsuite.DriverScript" name="feature" time="27.234"/>
  <system-out/>
</testsuite> <!-- com.sgtesting.actitime.testsuite.DriverScript -->
